Started at Tue Jan 11 11:35:59 UTC 2022
Processing ansible-test
Offering ansible-test to Project Build Discarder
Processing backup-to-aws
Offering backup-to-aws to Project Build Discarder
Processing first-declarative-pipeline
Offering first-declarative-pipeline to Project Build Discarder
first-declarative-pipeline accepted by Project Build Discarder
Processing first-job
Offering first-job to Project Build Discarder
Processing first-scripted-pipeline
Offering first-scripted-pipeline to Project Build Discarder
first-scripted-pipeline accepted by Project Build Discarder
Processing pipeline-practice
Offering pipeline-practice to Project Build Discarder
Processing remote-task
Offering remote-task to Project Build Discarder
Finished at Tue Jan 11 11:35:59 UTC 2022. 272ms
Started at Tue Jan 11 12:35:59 UTC 2022
Processing ansible-test
Offering ansible-test to Project Build Discarder
Processing backup-to-aws
Offering backup-to-aws to Project Build Discarder
Processing first-declarative-pipeline
Offering first-declarative-pipeline to Project Build Discarder
first-declarative-pipeline accepted by Project Build Discarder
Processing first-job
Offering first-job to Project Build Discarder
Processing first-scripted-pipeline
Offering first-scripted-pipeline to Project Build Discarder
first-scripted-pipeline accepted by Project Build Discarder
Processing maven-job
Offering maven-job to Project Build Discarder
Processing pipeline-practice
Offering pipeline-practice to Project Build Discarder
Processing remote-task
Offering remote-task to Project Build Discarder
Finished at Tue Jan 11 12:35:59 UTC 2022. 2ms
Started at Tue Jan 11 13:35:59 UTC 2022
Processing ansible-test
Offering ansible-test to Project Build Discarder
Processing backup-to-aws
Offering backup-to-aws to Project Build Discarder
Processing first-declarative-pipeline
Offering first-declarative-pipeline to Project Build Discarder
first-declarative-pipeline accepted by Project Build Discarder
Processing first-job
Offering first-job to Project Build Discarder
Processing first-scripted-pipeline
Offering first-scripted-pipeline to Project Build Discarder
first-scripted-pipeline accepted by Project Build Discarder
Processing maven-job
Offering maven-job to Project Build Discarder
Processing pipeline-practice
Offering pipeline-practice to Project Build Discarder
Processing remote-task
Offering remote-task to Project Build Discarder
Finished at Tue Jan 11 13:35:59 UTC 2022. 6ms
Started at Tue Jan 11 14:35:59 UTC 2022
Processing ansible-test
Offering ansible-test to Project Build Discarder
Processing backup-to-aws
Offering backup-to-aws to Project Build Discarder
Processing first-declarative-pipeline
Offering first-declarative-pipeline to Project Build Discarder
first-declarative-pipeline accepted by Project Build Discarder
Processing first-job
Offering first-job to Project Build Discarder
Processing first-scripted-pipeline
Offering first-scripted-pipeline to Project Build Discarder
first-scripted-pipeline accepted by Project Build Discarder
Processing maven-job
Offering maven-job to Project Build Discarder
Processing pipeline-practice
Offering pipeline-practice to Project Build Discarder
Processing remote-task
Offering remote-task to Project Build Discarder
Finished at Tue Jan 11 14:35:59 UTC 2022. 1ms
Started at Tue Jan 11 15:35:59 UTC 2022
Processing ansible-test
Offering ansible-test to Project Build Discarder
Processing backup-to-aws
Offering backup-to-aws to Project Build Discarder
Processing first-declarative-pipeline
Offering first-declarative-pipeline to Project Build Discarder
first-declarative-pipeline accepted by Project Build Discarder
Processing first-job
Offering first-job to Project Build Discarder
Processing first-scripted-pipeline
Offering first-scripted-pipeline to Project Build Discarder
first-scripted-pipeline accepted by Project Build Discarder
Processing maven-job
Offering maven-job to Project Build Discarder
Processing pipeline-practice
Offering pipeline-practice to Project Build Discarder
Processing remote-task
Offering remote-task to Project Build Discarder
Finished at Tue Jan 11 15:35:59 UTC 2022. 1ms
Started at Tue Jan 11 16:35:59 UTC 2022
Processing ansible-test
Offering ansible-test to Project Build Discarder
Processing backup-to-aws
Offering backup-to-aws to Project Build Discarder
Processing first-declarative-pipeline
Offering first-declarative-pipeline to Project Build Discarder
first-declarative-pipeline accepted by Project Build Discarder
Processing first-job
Offering first-job to Project Build Discarder
Processing first-scripted-pipeline
Offering first-scripted-pipeline to Project Build Discarder
first-scripted-pipeline accepted by Project Build Discarder
Processing maven-job
Offering maven-job to Project Build Discarder
Processing pipeline-practice
Offering pipeline-practice to Project Build Discarder
Processing remote-task
Offering remote-task to Project Build Discarder
Finished at Tue Jan 11 16:35:59 UTC 2022. 1ms
